Determining if the pthread_create exist failed with the following output:
Change Dir: /home/user/code/finalProject/Programming3project/vsteg/build/CMakeFiles/CMakeTmp

Run Build Command:"/usr/bin/make" "cmTC_d4e2a/fast"
/usr/bin/make -f CMakeFiles/cmTC_d4e2a.dir/build.make CMakeFiles/cmTC_d4e2a.dir/build
make[1]: Entering directory '/home/user/code/finalProject/Programming3project/vsteg/build/CMakeFiles/CMakeTmp'
Building C object CMakeFiles/cmTC_d4e2a.dir/CheckSymbolExists.c.o
/usr/bin/cc   -std=gnu11 -o CMakeFiles/cmTC_d4e2a.dir/CheckSymbolExists.c.o   -c /home/user/code/finalProject/Programming3project/vsteg/build/CMakeFiles/CMakeTmp/CheckSymbolExists.c
Linking C executable cmTC_d4e2a
/usr/bin/cmake -E cmake_link_script CMakeFiles/cmTC_d4e2a.dir/link.txt --verbose=1
/usr/bin/cc      CMakeFiles/cmTC_d4e2a.dir/CheckSymbolExists.c.o  -o cmTC_d4e2a 
CMakeFiles/cmTC_d4e2a.dir/CheckSymbolExists.c.o: In function `main':
CheckSymbolExists.c:(.text+0x1b): undefined reference to `pthread_create'
collect2: error: ld returned 1 exit status
CMakeFiles/cmTC_d4e2a.dir/build.make:97: recipe for target 'cmTC_d4e2a' failed
make[1]: *** [cmTC_d4e2a] Error 1
make[1]: Leaving directory '/home/user/code/finalProject/Programming3project/vsteg/build/CMakeFiles/CMakeTmp'
Makefile:126: recipe for target 'cmTC_d4e2a/fast' failed
make: *** [cmTC_d4e2a/fast] Error 2

File /home/user/code/finalProject/Programming3project/vsteg/build/CMakeFiles/CMakeTmp/CheckSymbolExists.c:
/* */
#include <pthread.h>

int main(int argc, char** argv)
{
  (void)argv;
#ifndef pthread_create
  return ((int*)(&pthread_create))[argc];
#else
  (void)argc;
  return 0;
#endif
}

